<?xml version="1.0" encoding="UTF-8"?>
<!-- Generated by org.testng.reporters.JUnitReportReporter -->
<testsuite skipped="0" hostname="Riaz" name="Capstone.AutomationPractice9.TestNGofAnnotations" tests="1" failures="0" timestamp="2024-11-13T01:51:55 EST" time="0.010" errors="0">
  <testcase name="f" time="0.010" classname="Capstone.AutomationPractice9.TestNGofAnnotations"/>
  <system-out/>
</testsuite> <!-- Capstone.AutomationPractice9.TestNGofAnnotations -->
