<?xml version="1.0" encoding="UTF-8"?>
<!-- Generated by org.testng.reporters.JUnitReportReporter -->
<testsuite skipped="0" hostname="Riaz" name="Capstone.AutomationPractice9.SignToAmazon" tests="2" failures="0" timestamp="2024-11-22T00:10:30 EST" time="21.966" errors="0">
  <testcase name="f" time="10.690" classname="Capstone.AutomationPractice9.SignToAmazon"/>
  <system-out/>
  <testcase name="f" time="11.276" classname="Capstone.AutomationPractice9.SignToAmazon"/>
  <system-out/>
</testsuite> <!-- Capstone.AutomationPractice9.SignToAmazon -->
