<?xml version="1.0" encoding="UTF-8"?>
<!-- Generated by org.testng.reporters.JUnitReportReporter -->
<testsuite skipped="0" hostname="Riaz" name="Capstone.AutomationPractice9.Points" tests="6" failures="0" timestamp="2024-11-22T02:04:29 EST" time="63.947" errors="0">
  <testcase name="f" time="11.025" classname="Capstone.AutomationPractice9.Points"/>
  <system-out/>
  <testcase name="f" time="10.972" classname="Capstone.AutomationPractice9.Points"/>
  <system-out/>
  <testcase name="f" time="10.948" classname="Capstone.AutomationPractice9.Points"/>
  <system-out/>
  <testcase name="f" time="11.113" classname="Capstone.AutomationPractice9.Points"/>
  <system-out/>
  <testcase name="f" time="9.885" classname="Capstone.AutomationPractice9.Points"/>
  <system-out/>
  <testcase name="f" time="10.004" classname="Capstone.AutomationPractice9.Points"/>
  <system-out/>
</testsuite> <!-- Capstone.AutomationPractice9.Points -->
