<?xml version="1.0" encoding="UTF-8"?>
<!-- Generated by org.testng.reporters.JUnitReportReporter -->
<testsuite skipped="0" hostname="Riaz" name="Capstone.AutomationPractice9.Property" tests="2" failures="0" timestamp="2024-11-22T02:04:29 EST" time="19.995" errors="0">
  <testcase name="f" time="9.606" classname="Capstone.AutomationPractice9.Property"/>
  <system-out/>
  <testcase name="f" time="10.389" classname="Capstone.AutomationPractice9.Property"/>
  <system-out/>
</testsuite> <!-- Capstone.AutomationPractice9.Property -->
