<?xml version="1.0" encoding="UTF-8"?>
<!-- Generated by org.testng.reporters.JUnitReportReporter -->
<testsuite skipped="0" hostname="Riaz" name="Capstone.AutomationPractice9.TextOfVerification" tests="4" failures="0" timestamp="2024-11-22T00:10:30 EST" time="57.425" errors="0">
  <testcase name="signin" time="9.351" classname="Capstone.AutomationPractice9.TextOfVerification"/>
  <system-out/>
  <testcase name="signin" time="10.274" classname="Capstone.AutomationPractice9.TextOfVerification"/>
  <system-out/>
  <testcase name="f" time="18.592" classname="Capstone.AutomationPractice9.TextOfVerification"/>
  <system-out/>
  <testcase name="f" time="19.208" classname="Capstone.AutomationPractice9.TextOfVerification"/>
  <system-out/>
</testsuite> <!-- Capstone.AutomationPractice9.TextOfVerification -->
